+ module load rocoto/1.3.1
++ /apps/lmod/7.7.18/libexec/lmod bash load rocoto/1.3.1
+ eval '__LMOD_REF_COUNT_LOADEDMODULES="rocoto/1.3.1:1";' export '__LMOD_REF_COUNT_LOADEDMODULES;' 'LOADEDMODULES="rocoto/1.3.1";' export 'LOADEDMODULES;' '__LMOD_REF_COUNT_MANPATH="/apps/rocoto/1.3.1/man:1;/apps/lmod/lmod/share/man:1;/apps/local/man:1;/apps/slurm/default/share/man:1;/apps/slurm/tools/sbank/share/man:1";' export '__LMOD_REF_COUNT_MANPATH;' 'MANPATH="/apps/rocoto/1.3.1/man:/apps/lmod/lmod/share/man::/apps/local/man:/apps/slurm/default/share/man:/apps/slurm/tools/sbank/share/man";' export 'MANPATH;' '__LMOD_REF_COUNT_MODULEPATH="/apps/lmod/lmod/modulefiles/Core:1;/apps/modules/modulefiles/Linux:1;/apps/modules/modulefiles:1;/opt/cray/modulefiles:1;/opt/cray/craype/default/modulefiles:1";' export '__LMOD_REF_COUNT_MODULEPATH;' 'MODULEPATH="/apps/lmod/lmod/modulefiles/Core:/apps/modules/modulefiles/Linux:/apps/modules/modulefiles:/opt/cray/modulefiles:/opt/cray/craype/default/modulefiles";' export 'MODULEPATH;' '__LMOD_REF_COUNT_PATH="/apps/rocoto/1.3.1/bin:1;/usr/lib64/qt-3.3/bin:1;/usr/bin:1;/bin:1;/usr/local/sbin:1;/usr/sbin:1;/opt/ibutils/bin:1;/apps/local/bin:1;/apps/local/sbin:1;/apps/slurm/default/tools:1;/apps/slurm/default/bin:1;/apps/slurm/default/sbin:1;/apps/slurm/tools/sbank/bin:1";' export '__LMOD_REF_COUNT_PATH;' 'PATH="/apps/rocoto/1.3.1/bin:/usr/lib64/qt-3.3/bin:/usr/bin:/bin:/usr/local/sbin:/usr/sbin:/opt/ibutils/bin:/apps/local/bin:/apps/local/sbin:/apps/slurm/default/tools:/apps/slurm/default/bin:/apps/slurm/default/sbin:/apps/slurm/tools/sbank/bin";' export 'PATH;' '__LMOD_REF_COUNT__LMFILES_="/apps/modules/modulefiles/rocoto/1.3.1:1";' export '__LMOD_REF_COUNT__LMFILES_;' '_LMFILES_="/apps/modules/modulefiles/rocoto/1.3.1";' export '_LMFILES_;' '_ModuleTable001_="X01vZHVsZVRhYmxlXz17WyJNVHZlcnNpb24iXT0zLFsiY19yZWJ1aWxkVGltZSJdPWZhbHNlLFsiY19zaG9ydFRpbWUiXT1mYWxzZSxkZXB0aFQ9e30sZmFtaWx5PXt9LG1UPXtyb2NvdG89e1siZm4iXT0iL2FwcHMvbW9kdWxlcy9tb2R1bGVmaWxlcy9yb2NvdG8vMS4zLjEiLFsiZnVsbE5hbWUiXT0icm9jb3RvLzEuMy4xIixbImxvYWRPcmRlciJdPTEscHJvcFQ9e30sWyJzdGFja0RlcHRoIl09MCxbInN0YXR1cyJdPSJhY3RpdmUiLFsidXNlck5hbWUiXT0icm9jb3RvLzEuMy4xIix9LH0sbXBhdGhBPXsiL2FwcHMvbG1vZC9sbW9kL21vZHVsZWZpbGVzL0NvcmUiLCIvYXBwcy9tb2R1bGVzL21vZHVsZWZpbGVzL0xpbnV4IiwiL2FwcHMvbW9kdWxlcy9tb2R1bGVmaWxlcyIs";' export '_ModuleTable001_;' '_ModuleTable002_="Ii9vcHQvY3JheS9tb2R1bGVmaWxlcyIsIi9vcHQvY3JheS9jcmF5cGUvZGVmYXVsdC9tb2R1bGVmaWxlcyIsfSxbInN5c3RlbUJhc2VNUEFUSCJdPSIvYXBwcy9sbW9kL2xtb2QvbW9kdWxlZmlsZXMvQ29yZTovYXBwcy9tb2R1bGVzL21vZHVsZWZpbGVzL0xpbnV4Oi9hcHBzL21vZHVsZXMvbW9kdWxlZmlsZXM6L29wdC9jcmF5L21vZHVsZWZpbGVzOi9vcHQvY3JheS9jcmF5cGUvZGVmYXVsdC9tb2R1bGVmaWxlcyIsfQ==";' export '_ModuleTable002_;' '_ModuleTable_Sz_="2";' export '_ModuleTable_Sz_;'
++ __LMOD_REF_COUNT_LOADEDMODULES=rocoto/1.3.1:1
++ export __LMOD_REF_COUNT_LOADEDMODULES
++ LOADEDMODULES=rocoto/1.3.1
++ export LOADEDMODULES
++ __LMOD_REF_COUNT_MANPATH='/apps/rocoto/1.3.1/man:1;/apps/lmod/lmod/share/man:1;/apps/local/man:1;/apps/slurm/default/share/man:1;/apps/slurm/tools/sbank/share/man:1'
++ export __LMOD_REF_COUNT_MANPATH
++ MANPATH=/apps/rocoto/1.3.1/man:/apps/lmod/lmod/share/man::/apps/local/man:/apps/slurm/default/share/man:/apps/slurm/tools/sbank/share/man
++ export MANPATH
++ __LMOD_REF_COUNT_MODULEPATH='/apps/lmod/lmod/modulefiles/Core:1;/apps/modules/modulefiles/Linux:1;/apps/modules/modulefiles:1;/opt/cray/modulefiles:1;/opt/cray/craype/default/modulefiles:1'
++ export __LMOD_REF_COUNT_MODULEPATH
++ MODULEPATH=/apps/lmod/lmod/modulefiles/Core:/apps/modules/modulefiles/Linux:/apps/modules/modulefiles:/opt/cray/modulefiles:/opt/cray/craype/default/modulefiles
++ export MODULEPATH
++ __LMOD_REF_COUNT_PATH='/apps/rocoto/1.3.1/bin:1;/usr/lib64/qt-3.3/bin:1;/usr/bin:1;/bin:1;/usr/local/sbin:1;/usr/sbin:1;/opt/ibutils/bin:1;/apps/local/bin:1;/apps/local/sbin:1;/apps/slurm/default/tools:1;/apps/slurm/default/bin:1;/apps/slurm/default/sbin:1;/apps/slurm/tools/sbank/bin:1'
++ export __LMOD_REF_COUNT_PATH
++ PATH=/apps/rocoto/1.3.1/bin:/usr/lib64/qt-3.3/bin:/usr/bin:/bin:/usr/local/sbin:/usr/sbin:/opt/ibutils/bin:/apps/local/bin:/apps/local/sbin:/apps/slurm/default/tools:/apps/slurm/default/bin:/apps/slurm/default/sbin:/apps/slurm/tools/sbank/bin
++ export PATH
++ __LMOD_REF_COUNT__LMFILES_=/apps/modules/modulefiles/rocoto/1.3.1:1
++ export __LMOD_REF_COUNT__LMFILES_
++ _LMFILES_=/apps/modules/modulefiles/rocoto/1.3.1
++ export _LMFILES_
++ _ModuleTable001_=X01vZHVsZVRhYmxlXz17WyJNVHZlcnNpb24iXT0zLFsiY19yZWJ1aWxkVGltZSJdPWZhbHNlLFsiY19zaG9ydFRpbWUiXT1mYWxzZSxkZXB0aFQ9e30sZmFtaWx5PXt9LG1UPXtyb2NvdG89e1siZm4iXT0iL2FwcHMvbW9kdWxlcy9tb2R1bGVmaWxlcy9yb2NvdG8vMS4zLjEiLFsiZnVsbE5hbWUiXT0icm9jb3RvLzEuMy4xIixbImxvYWRPcmRlciJdPTEscHJvcFQ9e30sWyJzdGFja0RlcHRoIl09MCxbInN0YXR1cyJdPSJhY3RpdmUiLFsidXNlck5hbWUiXT0icm9jb3RvLzEuMy4xIix9LH0sbXBhdGhBPXsiL2FwcHMvbG1vZC9sbW9kL21vZHVsZWZpbGVzL0NvcmUiLCIvYXBwcy9tb2R1bGVzL21vZHVsZWZpbGVzL0xpbnV4IiwiL2FwcHMvbW9kdWxlcy9tb2R1bGVmaWxlcyIs
++ export _ModuleTable001_
++ _ModuleTable002_=Ii9vcHQvY3JheS9tb2R1bGVmaWxlcyIsIi9vcHQvY3JheS9jcmF5cGUvZGVmYXVsdC9tb2R1bGVmaWxlcyIsfSxbInN5c3RlbUJhc2VNUEFUSCJdPSIvYXBwcy9sbW9kL2xtb2QvbW9kdWxlZmlsZXMvQ29yZTovYXBwcy9tb2R1bGVzL21vZHVsZWZpbGVzL0xpbnV4Oi9hcHBzL21vZHVsZXMvbW9kdWxlZmlsZXM6L29wdC9jcmF5L21vZHVsZWZpbGVzOi9vcHQvY3JheS9jcmF5cGUvZGVmYXVsdC9tb2R1bGVmaWxlcyIsfQ==
++ export _ModuleTable002_
++ _ModuleTable_Sz_=2
++ export _ModuleTable_Sz_
++ : -s sh
+ eval
+ rocotorun -v 10 -w /scratch2/NCEPDEV/fv3-cam/Ting.Lei/dr-regional-workflow/regional_workflow/Exp1Rocoto/dev.xml -d /scratch2/NCEPDEV/fv3-cam/Ting.Lei/dr-regional-workflow/regional_workflow/Exp1Rocoto/dev.db
